{"C:\\Users\\emmy\\Desktop\\AndelaBootcamp\\AndelaWeekTwo\\RealFile\\Book-A-Meal\\server\\Auth\\authenticateuser.js": {"path":"C:\\Users\\emmy\\Desktop\\AndelaBootcamp\\AndelaWeekTwo\\RealFile\\Book-A-Meal\\server\\Auth\\authenticateuser.js","statementMap":{"0":{"start":{"line":11,"column":4},"end":{"line":14,"column":5}},"1":{"start":{"line":12,"column":20},"end":{"line":12,"column":35}},"2":{"start":{"line":13,"column":6},"end":{"line":13,"column":19}},"3":{"start":{"line":15,"column":4},"end":{"line":15,"column":17}},"4":{"start":{"line":24,"column":4},"end":{"line":26,"column":5}},"5":{"start":{"line":25,"column":6},"end":{"line":25,"column":18}},"6":{"start":{"line":27,"column":4},"end":{"line":27,"column":17}},"7":{"start":{"line":36,"column":4},"end":{"line":38,"column":5}},"8":{"start":{"line":37,"column":6},"end":{"line":37,"column":21}},"9":{"start":{"line":39,"column":4},"end":{"line":39,"column":17}}},"fnMap":{"0":{"name":"(anonymous_0)","decl":{"start":{"line":10,"column":2},"end":{"line":10,"column":3}},"loc":{"start":{"line":10,"column":27},"end":{"line":16,"column":3}},"line":10},"1":{"name":"(anonymous_1)","decl":{"start":{"line":23,"column":2},"end":{"line":23,"column":3}},"loc":{"start":{"line":23,"column":27},"end":{"line":28,"column":3}},"line":23},"2":{"name":"(anonymous_2)","decl":{"start":{"line":35,"column":2},"end":{"line":35,"column":3}},"loc":{"start":{"line":35,"column":31},"end":{"line":40,"column":3}},"line":35}},"branchMap":{"0":{"loc":{"start":{"line":11,"column":4},"end":{"line":14,"column":5}},"type":"if","locations":[{"start":{"line":11,"column":4},"end":{"line":14,"column":5}},{"start":{"line":11,"column":4},"end":{"line":14,"column":5}}],"line":11},"1":{"loc":{"start":{"line":24,"column":4},"end":{"line":26,"column":5}},"type":"if","locations":[{"start":{"line":24,"column":4},"end":{"line":26,"column":5}},{"start":{"line":24,"column":4},"end":{"line":26,"column":5}}],"line":24},"2":{"loc":{"start":{"line":36,"column":4},"end":{"line":38,"column":5}},"type":"if","locations":[{"start":{"line":36,"column":4},"end":{"line":38,"column":5}},{"start":{"line":36,"column":4},"end":{"line":38,"column":5}}],"line":36},"3":{"loc":{"start":{"line":36,"column":8},"end":{"line":36,"column":49}},"type":"binary-expr","locations":[{"start":{"line":36,"column":9},"end":{"line":36,"column":23}},{"start":{"line":36,"column":29},"end":{"line":36,"column":48}}],"line":36}},"s":{"0":0,"1":0,"2":0,"3":0,"4":0,"5":0,"6":0,"7":0,"8":0,"9":0},"f":{"0":0,"1":0,"2":0},"b":{"0":[0,0],"1":[0,0],"2":[0,0],"3":[0,0]},"_coverageSchema":"332fd63041d2c1bcb487cc26dd0d5f7d97098a6c","hash":"31c2d8a93a8ab736b0cd030f0bfa839fe016ce21","contentHash":"b84594ce7b2b276db4b1d1a5f5d514ef_11.7.1"}
,"C:\\Users\\emmy\\Desktop\\AndelaBootcamp\\AndelaWeekTwo\\RealFile\\Book-A-Meal\\server\\Auth\\userToken.js": {"path":"C:\\Users\\emmy\\Desktop\\AndelaBootcamp\\AndelaWeekTwo\\RealFile\\Book-A-Meal\\server\\Auth\\userToken.js","statementMap":{"0":{"start":{"line":3,"column":19},"end":{"line":3,"column":88}},"1":{"start":{"line":4,"column":17},"end":{"line":4,"column":39}}},"fnMap":{},"branchMap":{},"s":{"0":1,"1":1},"f":{},"b":{},"_coverageSchema":"332fd63041d2c1bcb487cc26dd0d5f7d97098a6c","hash":"1adad141e1d0bc30ec15a781f706426c086ffac1","contentHash":"a172dcb6bba2700e440e47671d0b68cf_11.7.1"}
,"C:\\Users\\emmy\\Desktop\\AndelaBootcamp\\AndelaWeekTwo\\RealFile\\Book-A-Meal\\server\\controllers\\mealController.js": {"path":"C:\\Users\\emmy\\Desktop\\AndelaBootcamp\\AndelaWeekTwo\\RealFile\\Book-A-Meal\\server\\controllers\\mealController.js","statementMap":{"0":{"start":{"line":21,"column":21},"end":{"line":21,"column":29}},"1":{"start":{"line":22,"column":4},"end":{"line":22,"column":27}},"2":{"start":{"line":23,"column":4},"end":{"line":23,"column":71}},"3":{"start":{"line":36,"column":4},"end":{"line":36,"column":52}},"4":{"start":{"line":48,"column":4},"end":{"line":60,"column":5}},"5":{"start":{"line":50,"column":19},"end":{"line":50,"column":76}},"6":{"start":{"line":50,"column":37},"end":{"line":50,"column":75}},"7":{"start":{"line":51,"column":6},"end":{"line":59,"column":7}},"8":{"start":{"line":52,"column":8},"end":{"line":52,"column":40}},"9":{"start":{"line":53,"column":8},"end":{"line":53,"column":46}},"10":{"start":{"line":54,"column":8},"end":{"line":54,"column":42}},"11":{"start":{"line":55,"column":8},"end":{"line":58,"column":11}},"12":{"start":{"line":61,"column":4},"end":{"line":63,"column":7}},"13":{"start":{"line":75,"column":4},"end":{"line":83,"column":5}},"14":{"start":{"line":76,"column":19},"end":{"line":76,"column":76}},"15":{"start":{"line":76,"column":37},"end":{"line":76,"column":75}},"16":{"start":{"line":77,"column":6},"end":{"line":82,"column":7}},"17":{"start":{"line":78,"column":8},"end":{"line":78,"column":29}},"18":{"start":{"line":79,"column":8},"end":{"line":81,"column":11}},"19":{"start":{"line":84,"column":4},"end":{"line":86,"column":7}}},"fnMap":{"0":{"name":"(anonymous_0)","decl":{"start":{"line":17,"column":2},"end":{"line":17,"column":3}},"loc":{"start":{"line":17,"column":27},"end":{"line":24,"column":3}},"line":17},"1":{"name":"(anonymous_1)","decl":{"start":{"line":31,"column":2},"end":{"line":31,"column":3}},"loc":{"start":{"line":31,"column":27},"end":{"line":37,"column":3}},"line":31},"2":{"name":"(anonymous_2)","decl":{"start":{"line":44,"column":2},"end":{"line":44,"column":3}},"loc":{"start":{"line":44,"column":29},"end":{"line":64,"column":3}},"line":44},"3":{"name":"(anonymous_3)","decl":{"start":{"line":50,"column":32},"end":{"line":50,"column":33}},"loc":{"start":{"line":50,"column":37},"end":{"line":50,"column":75}},"line":50},"4":{"name":"(anonymous_4)","decl":{"start":{"line":71,"column":2},"end":{"line":71,"column":3}},"loc":{"start":{"line":71,"column":29},"end":{"line":87,"column":3}},"line":71},"5":{"name":"(anonymous_5)","decl":{"start":{"line":76,"column":32},"end":{"line":76,"column":33}},"loc":{"start":{"line":76,"column":37},"end":{"line":76,"column":75}},"line":76}},"branchMap":{"0":{"loc":{"start":{"line":51,"column":6},"end":{"line":59,"column":7}},"type":"if","locations":[{"start":{"line":51,"column":6},"end":{"line":59,"column":7}},{"start":{"line":51,"column":6},"end":{"line":59,"column":7}}],"line":51},"1":{"loc":{"start":{"line":77,"column":6},"end":{"line":82,"column":7}},"type":"if","locations":[{"start":{"line":77,"column":6},"end":{"line":82,"column":7}},{"start":{"line":77,"column":6},"end":{"line":82,"column":7}}],"line":77}},"s":{"0":2,"1":1,"2":1,"3":1,"4":0,"5":0,"6":0,"7":0,"8":0,"9":0,"10":0,"11":0,"12":0,"13":0,"14":0,"15":0,"16":0,"17":0,"18":0,"19":0},"f":{"0":2,"1":1,"2":0,"3":0,"4":0,"5":0},"b":{"0":[0,0],"1":[0,0]},"_coverageSchema":"332fd63041d2c1bcb487cc26dd0d5f7d97098a6c","hash":"52329b5f5c912a5226fc96e8c86f577bc93c4ee0","contentHash":"c02c7823a80ed33a59ba26d1cbf9ecfd_11.7.1"}
,"C:\\Users\\emmy\\Desktop\\AndelaBootcamp\\AndelaWeekTwo\\RealFile\\Book-A-Meal\\server\\controllers\\menuController.js": {"path":"C:\\Users\\emmy\\Desktop\\AndelaBootcamp\\AndelaWeekTwo\\RealFile\\Book-A-Meal\\server\\controllers\\menuController.js","statementMap":{"0":{"start":{"line":19,"column":21},"end":{"line":19,"column":29}},"1":{"start":{"line":20,"column":4},"end":{"line":20,"column":27}},"2":{"start":{"line":21,"column":4},"end":{"line":21,"column":66}},"3":{"start":{"line":33,"column":4},"end":{"line":33,"column":51}}},"fnMap":{"0":{"name":"(anonymous_0)","decl":{"start":{"line":15,"column":2},"end":{"line":15,"column":3}},"loc":{"start":{"line":15,"column":27},"end":{"line":22,"column":3}},"line":15},"1":{"name":"(anonymous_1)","decl":{"start":{"line":29,"column":2},"end":{"line":29,"column":3}},"loc":{"start":{"line":29,"column":27},"end":{"line":34,"column":3}},"line":29}},"branchMap":{},"s":{"0":1,"1":1,"2":1,"3":1},"f":{"0":1,"1":1},"b":{},"_coverageSchema":"332fd63041d2c1bcb487cc26dd0d5f7d97098a6c","hash":"b0ceaa9117ea83c810d3297e3b47cdc59bce4e6a","contentHash":"fece0483db0cc0bf480e801bde7ffc73_11.7.1"}
,"C:\\Users\\emmy\\Desktop\\AndelaBootcamp\\AndelaWeekTwo\\RealFile\\Book-A-Meal\\server\\controllers\\orderController.js": {"path":"C:\\Users\\emmy\\Desktop\\AndelaBootcamp\\AndelaWeekTwo\\RealFile\\Book-A-Meal\\server\\controllers\\orderController.js","statementMap":{"0":{"start":{"line":19,"column":21},"end":{"line":19,"column":29}},"1":{"start":{"line":20,"column":4},"end":{"line":20,"column":27}},"2":{"start":{"line":21,"column":4},"end":{"line":21,"column":66}},"3":{"start":{"line":33,"column":4},"end":{"line":33,"column":53}},"4":{"start":{"line":45,"column":7},"end":{"line":60,"column":5}},"5":{"start":{"line":47,"column":27},"end":{"line":47,"column":84}},"6":{"start":{"line":47,"column":45},"end":{"line":47,"column":83}},"7":{"start":{"line":48,"column":6},"end":{"line":59,"column":7}},"8":{"start":{"line":50,"column":8},"end":{"line":50,"column":40}},"9":{"start":{"line":51,"column":8},"end":{"line":51,"column":46}},"10":{"start":{"line":52,"column":8},"end":{"line":52,"column":42}},"11":{"start":{"line":53,"column":8},"end":{"line":53,"column":50}},"12":{"start":{"line":54,"column":8},"end":{"line":54,"column":60}},"13":{"start":{"line":55,"column":8},"end":{"line":58,"column":11}},"14":{"start":{"line":61,"column":4},"end":{"line":63,"column":7}},"15":{"start":{"line":75,"column":7},"end":{"line":83,"column":5}},"16":{"start":{"line":76,"column":27},"end":{"line":76,"column":84}},"17":{"start":{"line":76,"column":45},"end":{"line":76,"column":83}},"18":{"start":{"line":77,"column":6},"end":{"line":82,"column":7}},"19":{"start":{"line":78,"column":8},"end":{"line":78,"column":29}},"20":{"start":{"line":79,"column":8},"end":{"line":81,"column":11}},"21":{"start":{"line":84,"column":4},"end":{"line":86,"column":7}}},"fnMap":{"0":{"name":"(anonymous_0)","decl":{"start":{"line":15,"column":2},"end":{"line":15,"column":3}},"loc":{"start":{"line":15,"column":27},"end":{"line":22,"column":3}},"line":15},"1":{"name":"(anonymous_1)","decl":{"start":{"line":29,"column":2},"end":{"line":29,"column":3}},"loc":{"start":{"line":29,"column":27},"end":{"line":34,"column":3}},"line":29},"2":{"name":"(anonymous_2)","decl":{"start":{"line":41,"column":2},"end":{"line":41,"column":3}},"loc":{"start":{"line":41,"column":29},"end":{"line":64,"column":3}},"line":41},"3":{"name":"(anonymous_3)","decl":{"start":{"line":47,"column":40},"end":{"line":47,"column":41}},"loc":{"start":{"line":47,"column":45},"end":{"line":47,"column":83}},"line":47},"4":{"name":"(anonymous_4)","decl":{"start":{"line":71,"column":2},"end":{"line":71,"column":3}},"loc":{"start":{"line":71,"column":29},"end":{"line":87,"column":3}},"line":71},"5":{"name":"(anonymous_5)","decl":{"start":{"line":76,"column":40},"end":{"line":76,"column":41}},"loc":{"start":{"line":76,"column":45},"end":{"line":76,"column":83}},"line":76}},"branchMap":{"0":{"loc":{"start":{"line":48,"column":6},"end":{"line":59,"column":7}},"type":"if","locations":[{"start":{"line":48,"column":6},"end":{"line":59,"column":7}},{"start":{"line":48,"column":6},"end":{"line":59,"column":7}}],"line":48},"1":{"loc":{"start":{"line":77,"column":6},"end":{"line":82,"column":7}},"type":"if","locations":[{"start":{"line":77,"column":6},"end":{"line":82,"column":7}},{"start":{"line":77,"column":6},"end":{"line":82,"column":7}}],"line":77}},"s":{"0":1,"1":1,"2":1,"3":1,"4":0,"5":0,"6":0,"7":0,"8":0,"9":0,"10":0,"11":0,"12":0,"13":0,"14":0,"15":0,"16":0,"17":0,"18":0,"19":0,"20":0,"21":0},"f":{"0":1,"1":1,"2":0,"3":0,"4":0,"5":0},"b":{"0":[0,0],"1":[0,0]},"_coverageSchema":"332fd63041d2c1bcb487cc26dd0d5f7d97098a6c","hash":"ce3b37626e5af3a4fcb50d6a629f6dc4371a9b3f","contentHash":"19eb563d0fcf01cded272168f5a0a73b_11.7.1"}
,"C:\\Users\\emmy\\Desktop\\AndelaBootcamp\\AndelaWeekTwo\\RealFile\\Book-A-Meal\\server\\controllers\\userController.js": {"path":"C:\\Users\\emmy\\Desktop\\AndelaBootcamp\\AndelaWeekTwo\\RealFile\\Book-A-Meal\\server\\controllers\\userController.js","statementMap":{"0":{"start":{"line":19,"column":23},"end":{"line":19,"column":65}},"1":{"start":{"line":20,"column":22},"end":{"line":20,"column":54}},"2":{"start":{"line":21,"column":15},"end":{"line":21,"column":54}},"3":{"start":{"line":24,"column":4},"end":{"line":37,"column":5}},"4":{"start":{"line":25,"column":6},"end":{"line":36,"column":9}},"5":{"start":{"line":26,"column":8},"end":{"line":30,"column":9}},"6":{"start":{"line":27,"column":10},"end":{"line":29,"column":13}},"7":{"start":{"line":31,"column":23},"end":{"line":31,"column":58}},"8":{"start":{"line":32,"column":24},"end":{"line":32,"column":51}},"9":{"start":{"line":33,"column":8},"end":{"line":33,"column":30}},"10":{"start":{"line":35,"column":8},"end":{"line":35,"column":103}},"11":{"start":{"line":38,"column":4},"end":{"line":40,"column":5}},"12":{"start":{"line":39,"column":6},"end":{"line":39,"column":76}},"13":{"start":{"line":53,"column":4},"end":{"line":53,"column":52}}},"fnMap":{"0":{"name":"(anonymous_0)","decl":{"start":{"line":18,"column":2},"end":{"line":18,"column":3}},"loc":{"start":{"line":18,"column":28},"end":{"line":41,"column":3}},"line":18},"1":{"name":"(anonymous_1)","decl":{"start":{"line":25,"column":26},"end":{"line":25,"column":27}},"loc":{"start":{"line":25,"column":41},"end":{"line":36,"column":7}},"line":25},"2":{"name":"(anonymous_2)","decl":{"start":{"line":48,"column":2},"end":{"line":48,"column":3}},"loc":{"start":{"line":48,"column":27},"end":{"line":54,"column":3}},"line":48}},"branchMap":{"0":{"loc":{"start":{"line":24,"column":4},"end":{"line":37,"column":5}},"type":"if","locations":[{"start":{"line":24,"column":4},"end":{"line":37,"column":5}},{"start":{"line":24,"column":4},"end":{"line":37,"column":5}}],"line":24},"1":{"loc":{"start":{"line":24,"column":8},"end":{"line":24,"column":73}},"type":"binary-expr","locations":[{"start":{"line":24,"column":9},"end":{"line":24,"column":28}},{"start":{"line":24,"column":34},"end":{"line":24,"column":46}},{"start":{"line":24,"column":52},"end":{"line":24,"column":72}}],"line":24},"2":{"loc":{"start":{"line":26,"column":8},"end":{"line":30,"column":9}},"type":"if","locations":[{"start":{"line":26,"column":8},"end":{"line":30,"column":9}},{"start":{"line":26,"column":8},"end":{"line":30,"column":9}}],"line":26},"3":{"loc":{"start":{"line":38,"column":4},"end":{"line":40,"column":5}},"type":"if","locations":[{"start":{"line":38,"column":4},"end":{"line":40,"column":5}},{"start":{"line":38,"column":4},"end":{"line":40,"column":5}}],"line":38},"4":{"loc":{"start":{"line":38,"column":8},"end":{"line":38,"column":73}},"type":"binary-expr","locations":[{"start":{"line":38,"column":9},"end":{"line":38,"column":29}},{"start":{"line":38,"column":35},"end":{"line":38,"column":54}},{"start":{"line":38,"column":60},"end":{"line":38,"column":72}}],"line":38}},"s":{"0":0,"1":0,"2":0,"3":0,"4":0,"5":0,"6":0,"7":0,"8":0,"9":0,"10":0,"11":0,"12":0,"13":0},"f":{"0":0,"1":0,"2":0},"b":{"0":[0,0],"1":[0,0,0],"2":[0,0],"3":[0,0],"4":[0,0,0]},"_coverageSchema":"332fd63041d2c1bcb487cc26dd0d5f7d97098a6c","hash":"580af13680d8bc3c9f5beb309e65b44f0b81ef03","contentHash":"4c97ffb8d8869aec433fcb54bcdaa910_11.7.1"}
,"C:\\Users\\emmy\\Desktop\\AndelaBootcamp\\AndelaWeekTwo\\RealFile\\Book-A-Meal\\server\\model\\meal.js": {"path":"C:\\Users\\emmy\\Desktop\\AndelaBootcamp\\AndelaWeekTwo\\RealFile\\Book-A-Meal\\server\\model\\meal.js","statementMap":{"0":{"start":{"line":1,"column":17},"end":{"line":38,"column":1}}},"fnMap":{},"branchMap":{},"s":{"0":1},"f":{},"b":{},"_coverageSchema":"332fd63041d2c1bcb487cc26dd0d5f7d97098a6c","hash":"74a0eb837da49d41250a3c4dcaaea54ac0eee8ab","contentHash":"e6523daf81979af7d5db1123a13b923c_11.7.1"}
,"C:\\Users\\emmy\\Desktop\\AndelaBootcamp\\AndelaWeekTwo\\RealFile\\Book-A-Meal\\server\\model\\menu.js": {"path":"C:\\Users\\emmy\\Desktop\\AndelaBootcamp\\AndelaWeekTwo\\RealFile\\Book-A-Meal\\server\\model\\menu.js","statementMap":{"0":{"start":{"line":2,"column":17},"end":{"line":27,"column":1}}},"fnMap":{},"branchMap":{},"s":{"0":1},"f":{},"b":{},"_coverageSchema":"332fd63041d2c1bcb487cc26dd0d5f7d97098a6c","hash":"ac093229b56414e81cdf62437d0e3bae0f2f9e6d","contentHash":"6d6c436175766d74baeb9c858d562f15_11.7.1"}
,"C:\\Users\\emmy\\Desktop\\AndelaBootcamp\\AndelaWeekTwo\\RealFile\\Book-A-Meal\\server\\model\\order.js": {"path":"C:\\Users\\emmy\\Desktop\\AndelaBootcamp\\AndelaWeekTwo\\RealFile\\Book-A-Meal\\server\\model\\order.js","statementMap":{"0":{"start":{"line":12,"column":18},"end":{"line":30,"column":1}}},"fnMap":{},"branchMap":{},"s":{"0":1},"f":{},"b":{},"_coverageSchema":"332fd63041d2c1bcb487cc26dd0d5f7d97098a6c","hash":"7ff48633a7862ce419112eadb115c843bb8602c1","contentHash":"ac2f7ae69cecfa68f10db077060d6fcf_11.7.1"}
,"C:\\Users\\emmy\\Desktop\\AndelaBootcamp\\AndelaWeekTwo\\RealFile\\Book-A-Meal\\server\\model\\user.js": {"path":"C:\\Users\\emmy\\Desktop\\AndelaBootcamp\\AndelaWeekTwo\\RealFile\\Book-A-Meal\\server\\model\\user.js","statementMap":{"0":{"start":{"line":1,"column":14},"end":{"line":17,"column":1}}},"fnMap":{},"branchMap":{},"s":{"0":1},"f":{},"b":{},"_coverageSchema":"332fd63041d2c1bcb487cc26dd0d5f7d97098a6c","hash":"ed34fbcc16a54f01f79ba3a47bc42214948fa31f","contentHash":"4b53f93c5b25acc719ef65bb340cecea_11.7.1"}
,"C:\\Users\\emmy\\Desktop\\AndelaBootcamp\\AndelaWeekTwo\\RealFile\\Book-A-Meal\\server\\routes\\index.js": {"path":"C:\\Users\\emmy\\Desktop\\AndelaBootcamp\\AndelaWeekTwo\\RealFile\\Book-A-Meal\\server\\routes\\index.js","statementMap":{"0":{"start":{"line":7,"column":15},"end":{"line":7,"column":31}},"1":{"start":{"line":10,"column":0},"end":{"line":10,"column":43}},"2":{"start":{"line":11,"column":0},"end":{"line":11,"column":41}},"3":{"start":{"line":14,"column":0},"end":{"line":14,"column":42}},"4":{"start":{"line":15,"column":0},"end":{"line":15,"column":41}},"5":{"start":{"line":16,"column":0},"end":{"line":16,"column":57}},"6":{"start":{"line":17,"column":0},"end":{"line":17,"column":60}},"7":{"start":{"line":20,"column":0},"end":{"line":20,"column":44}},"8":{"start":{"line":21,"column":0},"end":{"line":21,"column":43}},"9":{"start":{"line":22,"column":0},"end":{"line":22,"column":60}},"10":{"start":{"line":23,"column":0},"end":{"line":23,"column":63}},"11":{"start":{"line":26,"column":0},"end":{"line":26,"column":42}},"12":{"start":{"line":27,"column":0},"end":{"line":27,"column":41}}},"fnMap":{},"branchMap":{},"s":{"0":1,"1":1,"2":1,"3":1,"4":1,"5":1,"6":1,"7":1,"8":1,"9":1,"10":1,"11":1,"12":1},"f":{},"b":{},"_coverageSchema":"332fd63041d2c1bcb487cc26dd0d5f7d97098a6c","hash":"a7ebeb13b518a93e46e7e87ec6934a51ad41b922","contentHash":"62ada25454aade7a86dd7673c48adb8f_11.7.1"}
,"C:\\Users\\emmy\\Desktop\\AndelaBootcamp\\AndelaWeekTwo\\RealFile\\Book-A-Meal\\server\\src\\app.js": {"path":"C:\\Users\\emmy\\Desktop\\AndelaBootcamp\\AndelaWeekTwo\\RealFile\\Book-A-Meal\\server\\src\\app.js","statementMap":{"0":{"start":{"line":10,"column":12},"end":{"line":10,"column":21}},"1":{"start":{"line":14,"column":0},"end":{"line":14,"column":23}},"2":{"start":{"line":16,"column":0},"end":{"line":16,"column":27}},"3":{"start":{"line":18,"column":0},"end":{"line":18,"column":52}},"4":{"start":{"line":20,"column":0},"end":{"line":20,"column":21}},"5":{"start":{"line":21,"column":0},"end":{"line":21,"column":63}},"6":{"start":{"line":21,"column":27},"end":{"line":21,"column":61}},"7":{"start":{"line":24,"column":13},"end":{"line":24,"column":37}},"8":{"start":{"line":26,"column":0},"end":{"line":26,"column":17}}},"fnMap":{"0":{"name":"(anonymous_0)","decl":{"start":{"line":21,"column":13},"end":{"line":21,"column":14}},"loc":{"start":{"line":21,"column":27},"end":{"line":21,"column":61}},"line":21}},"branchMap":{"0":{"loc":{"start":{"line":24,"column":13},"end":{"line":24,"column":37}},"type":"binary-expr","locations":[{"start":{"line":24,"column":13},"end":{"line":24,"column":29}},{"start":{"line":24,"column":33},"end":{"line":24,"column":37}}],"line":24}},"s":{"0":1,"1":1,"2":1,"3":1,"4":1,"5":1,"6":0,"7":1,"8":1},"f":{"0":0},"b":{"0":[1,1]},"_coverageSchema":"332fd63041d2c1bcb487cc26dd0d5f7d97098a6c","hash":"960927e910b554867f42c30dbb9f455720d253e1","contentHash":"1bc6c078492c0221835bda700685c0ad_11.7.1"}
}
