TN:
SF:C:\Users\emmy\Desktop\AndelaBootcamp\AndelaWeekTwo\RealFile\Book-A-Meal\server\Auth\authenticateuser.js
FN:10,(anonymous_0)
FN:23,(anonymous_1)
FN:35,(anonymous_2)
FNF:3
FNH:0
FNDA:0,(anonymous_0)
FNDA:0,(anonymous_1)
FNDA:0,(anonymous_2)
DA:11,0
DA:12,0
DA:13,0
DA:15,0
DA:24,0
DA:25,0
DA:27,0
DA:36,0
DA:37,0
DA:39,0
LF:10
LH:0
BRDA:11,0,0,0
BRDA:11,0,1,0
BRDA:24,1,0,0
BRDA:24,1,1,0
BRDA:36,2,0,0
BRDA:36,2,1,0
BRDA:36,3,0,0
BRDA:36,3,1,0
BRF:8
BRH:0
end_of_record
TN:
SF:C:\Users\emmy\Desktop\AndelaBootcamp\AndelaWeekTwo\RealFile\Book-A-Meal\server\Auth\userToken.js
FNF:0
FNH:0
DA:3,1
DA:4,1
LF:2
LH:2
BRF:0
BRH:0
end_of_record
TN:
SF:C:\Users\emmy\Desktop\AndelaBootcamp\AndelaWeekTwo\RealFile\Book-A-Meal\server\controllers\mealController.js
FN:20,(anonymous_0)
FN:32,(anonymous_1)
FN:44,(anonymous_2)
FN:57,(anonymous_3)
FN:63,(anonymous_4)
FN:84,(anonymous_5)
FN:89,(anonymous_6)
FNF:7
FNH:6
FNDA:1,(anonymous_0)
FNDA:0,(anonymous_1)
FNDA:1,(anonymous_2)
FNDA:1,(anonymous_3)
FNDA:1,(anonymous_4)
FNDA:1,(anonymous_5)
FNDA:1,(anonymous_6)
DA:8,1
DA:25,1
DA:27,1
DA:29,0
DA:32,0
DA:33,0
DA:34,0
DA:35,0
DA:49,1
DA:61,1
DA:63,1
DA:64,1
DA:65,1
DA:66,1
DA:67,1
DA:68,1
DA:74,0
DA:88,1
DA:89,1
DA:90,1
DA:91,1
DA:92,1
DA:97,0
LF:23
LH:16
BRDA:33,0,0,0
BRDA:33,0,1,0
BRDA:64,1,0,1
BRDA:64,1,1,0
BRDA:90,2,0,1
BRDA:90,2,1,0
BRF:6
BRH:2
end_of_record
TN:
SF:C:\Users\emmy\Desktop\AndelaBootcamp\AndelaWeekTwo\RealFile\Book-A-Meal\server\controllers\menuController.js
FN:15,(anonymous_0)
FN:29,(anonymous_1)
FNF:2
FNH:2
FNDA:1,(anonymous_0)
FNDA:1,(anonymous_1)
DA:19,1
DA:20,1
DA:21,1
DA:33,1
LF:4
LH:4
BRF:0
BRH:0
end_of_record
TN:
SF:C:\Users\emmy\Desktop\AndelaBootcamp\AndelaWeekTwo\RealFile\Book-A-Meal\server\controllers\orderController.js
FN:15,(anonymous_0)
FN:29,(anonymous_1)
FN:41,(anonymous_2)
FN:47,(anonymous_3)
FN:71,(anonymous_4)
FN:76,(anonymous_5)
FNF:6
FNH:6
FNDA:1,(anonymous_0)
FNDA:1,(anonymous_1)
FNDA:1,(anonymous_2)
FNDA:1,(anonymous_3)
FNDA:2,(anonymous_4)
FNDA:3,(anonymous_5)
DA:19,1
DA:20,1
DA:21,1
DA:33,1
DA:45,1
DA:47,1
DA:48,1
DA:50,1
DA:51,1
DA:52,1
DA:53,1
DA:54,1
DA:55,1
DA:61,0
DA:75,2
DA:76,3
DA:77,2
DA:78,2
DA:79,2
DA:84,0
LF:20
LH:18
BRDA:48,0,0,1
BRDA:48,0,1,0
BRDA:77,1,0,2
BRDA:77,1,1,0
BRF:4
BRH:2
end_of_record
TN:
SF:C:\Users\emmy\Desktop\AndelaBootcamp\AndelaWeekTwo\RealFile\Book-A-Meal\server\controllers\userController.js
FN:18,(anonymous_0)
FN:25,(anonymous_1)
FN:48,(anonymous_2)
FNF:3
FNH:0
FNDA:0,(anonymous_0)
FNDA:0,(anonymous_1)
FNDA:0,(anonymous_2)
DA:19,0
DA:20,0
DA:21,0
DA:24,0
DA:25,0
DA:26,0
DA:27,0
DA:31,0
DA:32,0
DA:33,0
DA:35,0
DA:38,0
DA:39,0
DA:53,0
LF:14
LH:0
BRDA:24,0,0,0
BRDA:24,0,1,0
BRDA:24,1,0,0
BRDA:24,1,1,0
BRDA:24,1,2,0
BRDA:26,2,0,0
BRDA:26,2,1,0
BRDA:38,3,0,0
BRDA:38,3,1,0
BRDA:38,4,0,0
BRDA:38,4,1,0
BRDA:38,4,2,0
BRF:12
BRH:0
end_of_record
TN:
SF:C:\Users\emmy\Desktop\AndelaBootcamp\AndelaWeekTwo\RealFile\Book-A-Meal\server\model\meal.js
FNF:0
FNH:0
DA:1,1
LF:1
LH:1
BRF:0
BRH:0
end_of_record
TN:
SF:C:\Users\emmy\Desktop\AndelaBootcamp\AndelaWeekTwo\RealFile\Book-A-Meal\server\model\menu.js
FNF:0
FNH:0
DA:2,1
LF:1
LH:1
BRF:0
BRH:0
end_of_record
TN:
SF:C:\Users\emmy\Desktop\AndelaBootcamp\AndelaWeekTwo\RealFile\Book-A-Meal\server\model\order.js
FNF:0
FNH:0
DA:12,1
LF:1
LH:1
BRF:0
BRH:0
end_of_record
TN:
SF:C:\Users\emmy\Desktop\AndelaBootcamp\AndelaWeekTwo\RealFile\Book-A-Meal\server\model\user.js
FNF:0
FNH:0
DA:1,1
LF:1
LH:1
BRF:0
BRH:0
end_of_record
TN:
SF:C:\Users\emmy\Desktop\AndelaBootcamp\AndelaWeekTwo\RealFile\Book-A-Meal\server\routes\index.js
FNF:0
FNH:0
DA:7,1
DA:10,1
DA:11,1
DA:14,1
DA:15,1
DA:16,1
DA:17,1
DA:20,1
DA:21,1
DA:22,1
DA:23,1
DA:26,1
DA:27,1
LF:13
LH:13
BRF:0
BRH:0
end_of_record
TN:
SF:C:\Users\emmy\Desktop\AndelaBootcamp\AndelaWeekTwo\RealFile\Book-A-Meal\server\src\app.js
FN:21,(anonymous_0)
FNF:1
FNH:0
FNDA:0,(anonymous_0)
DA:10,1
DA:14,1
DA:16,1
DA:18,1
DA:20,1
DA:21,1
DA:24,1
DA:26,1
LF:8
LH:8
BRDA:24,0,0,1
BRDA:24,0,1,1
BRF:2
BRH:2
end_of_record
